TN:
SF:/Users/zuhairnaqvi/dev/lab/homepass/server/Api.js
FN:7,(anonymous_1)
FN:7,defineProperties
FN:7,(anonymous_3)
FN:9,_interopRequireDefault
FN:11,_classCallCheck
FN:34,(anonymous_6)
FN:35,Api
FN:46,authenticate
FN:59,passRateLimit
FN:60,(anonymous_10)
FN:67,handleRequest
FNF:11
FNH:11
FNDA:1,(anonymous_1)
FNDA:1,defineProperties
FNDA:1,(anonymous_3)
FNDA:3,_interopRequireDefault
FNDA:1,_classCallCheck
FNDA:1,(anonymous_6)
FNDA:1,Api
FNDA:1,authenticate
FNDA:1,passRateLimit
FNDA:6,(anonymous_10)
FNDA:1,handleRequest
DA:0,3
DA:6,1
DA:7,1
DA:8,1
DA:22,1
DA:23,1
DA:24,1
DA:25,1
DA:26,1
DA:31,1
DA:33,1
DA:34,1
DA:35,1
DA:38,0
DA:44,1
DA:45,6
DA:47,1
DA:52,1
DA:59,1
LF:19
LH:18
BRDA:7,1,0,3
BRDA:7,1,1,3
BRDA:7,2,0,3
BRDA:7,2,1,0
BRDA:7,3,0,1
BRDA:7,3,1,0
BRDA:7,4,0,0
BRDA:7,4,1,1
BRDA:9,5,0,0
BRDA:9,5,1,3
BRDA:9,6,0,3
BRDA:9,6,1,3
BRDA:11,7,0,0
BRDA:11,7,1,1
BRDA:50,8,0,1
BRDA:50,8,1,0
BRDA:61,9,0,6
BRDA:61,9,1,6
BRDA:63,10,0,1
BRDA:63,10,1,0
BRF:20
BRH:18
end_of_record
