TN:
SF:/Users/zuhairnaqvi/dev/lab/homepass/server/Api.js
FN:7,(anonymous_1)
FN:7,defineProperties
FN:7,(anonymous_3)
FN:9,_interopRequireDefault
FN:11,_classCallCheck
FN:29,(anonymous_6)
FN:30,Api
FN:40,authenticate
FN:53,handleRequest
FNF:9
FNH:9
FNDA:1,(anonymous_1)
FNDA:1,defineProperties
FNDA:1,(anonymous_3)
FNDA:2,_interopRequireDefault
FNDA:1,_classCallCheck
FNDA:1,(anonymous_6)
FNDA:1,Api
FNDA:1,authenticate
FNDA:1,handleRequest
DA:0,2
DA:5,1
DA:6,1
DA:7,1
DA:8,1
DA:17,1
DA:18,1
DA:19,1
DA:20,1
DA:25,1
DA:27,1
DA:28,1
DA:29,1
DA:32,0
DA:39,1
DA:41,1
LF:16
LH:15
BRDA:7,1,0,2
BRDA:7,1,1,2
BRDA:7,2,0,2
BRDA:7,2,1,0
BRDA:7,3,0,1
BRDA:7,3,1,0
BRDA:7,4,0,0
BRDA:7,4,1,1
BRDA:9,5,0,0
BRDA:9,5,1,2
BRDA:9,6,0,2
BRDA:9,6,1,2
BRDA:11,7,0,0
BRDA:11,7,1,1
BRDA:44,8,0,1
BRDA:44,8,1,0
BRDA:55,9,0,0
BRDA:55,9,1,1
BRF:18
BRH:16
end_of_record
